2024-06-18 17:50:44 - Esto es una prueba
2024-07-16 17:33:08 - Esto es una prueba
2024-07-17 13:54:18 - Esto es una prueba
2024-07-17 14:17:22 - Esto es una prueba
2024-07-17 14:18:10 - Esto es una prueba
2024-07-17 14:21:27 - Esto es una prueba
2024-07-17 14:41:37 - Esto es una prueba
2024-07-18 09:49:57 - Esto es una prueba
2024-07-18 12:37:08 - Esto es una prueba
2024-07-18 13:59:43 - Esto es una prueba
2024-07-18 14:17:03 - Esto es una prueba
2024-07-18 14:24:34 - Esto es una prueba
2024-07-22 12:31:19 - Esto es una prueba
2024-07-22 15:33:13 - 1721683993.5537262 Inicia recuperacin de datos BD Califica
2024-07-22 15:33:38 - {end_time} Concluye recuperacin de datos BD Califica
2024-07-22 15:37:56 - 1721684276.6955898 Inicia recuperacin de datos BD Califica
2024-07-22 15:38:20 - 1721684300.9872706 Concluye recuperacin de datos BD Califica
2024-07-22 15:42:51 - 1721684571.56858 Inicia recuperacin de datos BD Califica
2024-07-22 15:43:15 - 1721684595.3060012 Concluye recuperacin de datos BD Califica
2024-07-22 15:49:24 - 1721684964.977916 Inicia recuperacin de datos BD Califica
2024-07-22 15:49:47 - 1721684987.9235954 Concluye recuperacin de datos BD Califica
2024-07-22 18:00:03 - 1721692803.567663 Inicia recuperacin de datos BD Califica
2024-07-22 18:03:13 - 1721692993.1680124 Inicia recuperacin de datos BD Califica
2024-07-22 18:06:45 - 1721693205.9444745 Inicia recuperacin de datos BD Califica
2024-07-22 18:09:16 - 1721693356.5956113 Inicia recuperacin de datos BD Califica
2024-07-22 18:13:33 - 1721693613.4975417 Inicia recuperaci贸n de datos BD Califica
2024-07-22 18:15:18 - Cantidad de registros del Merge :279896
2024-07-22 18:15:19 - 1721693719.3937414 Concluye recuperaci贸n de datos BD Califica
2024-07-22 18:22:23 - 1721694143.8784554 Inicia recuperaci贸n de datos BD Califica
2024-07-22 18:22:48 - 1721694168.2417696 Inicia recuperaci贸n de datos BD Califica
2024-07-22 18:23:23 - 1721694203.1486154 Inicia recuperaci贸n de datos BD Califica
2024-07-22 18:24:23 - 1721694263.941321 Inicia recuperaci贸n de datos BD Califica
2024-07-22 18:24:36 - 1721694276.0457692 Inicia recuperaci贸n de datos BD Califica
2024-07-22 18:24:54 - 1721694294.1550088 Inicia recuperaci贸n de datos BD Califica
2024-07-22 18:24:54 - 

    SELECT * FROM APPDCGRL.VW_DICCIONARIOS DICC WHERE 1=1

  AND INCO_ID IN ([118])
2024-07-22 18:27:06 - 1721694426.7334528 Inicia recuperaci贸n de datos BD Califica
2024-07-22 18:27:07 - 

    SELECT * FROM APPDCGRL.VW_DICCIONARIOS DICC WHERE 1=1

  AND INCO_ID IN ([118])
2024-07-22 18:27:49 - 1721694469.1135712 Inicia recuperaci贸n de datos BD Califica
2024-07-22 18:27:49 - 

    SELECT * FROM APPDCGRL.VW_DICCIONARIOS DICC WHERE 1=1

 AND INCO_ID IN ([118])
2024-07-22 18:28:20 - 1721694500.549053 Inicia recuperaci贸n de datos BD Califica
2024-07-22 18:28:20 - 

    SELECT * FROM APPDCGRL.VW_DICCIONARIOS DICC WHERE 1=1

AND INCO_ID IN ([118])
2024-07-22 18:38:47 - 1721695127.7031868 Inicia recuperaci贸n de datos BD Califica
2024-07-22 18:38:48 - SELECT * FROM APPDCGRL.VW_DICCIONARIOS DICC WHERE 1=1AND INCO_ID IN ([118])
2024-07-22 18:39:09 - 1721695149.488384 Inicia recuperaci贸n de datos BD Califica
2024-07-22 18:39:09 - SELECT * FROM APPDCGRL.VW_DICCIONARIOS DICC WHERE 1=1 AND INCO_ID IN ([118])
2024-07-22 18:39:59 - 1721695199.0787222 Inicia recuperaci贸n de datos BD Califica
2024-07-22 18:39:59 - SELECT * FROM APPDCGRL.VW_DICCIONARIOS DICC WHERE 1=1 AND DICC.INCO_ID IN ([118])
2024-07-22 18:40:23 - 1721695223.2752411 Inicia recuperaci贸n de datos BD Califica
2024-07-22 18:40:23 - SELECT * FROM APPDCGRL.VW_DICCIONARIOS DICC WHERE 1=1 AND DICC.INCO_ID IN (118)
2024-07-22 18:40:23 - Cantidad de registros del Merge :279896
2024-07-22 18:40:23 - 1721695223.6916978 Concluye recuperaci贸n de datos BD Califica
2024-07-22 18:40:45 - 1721695245.6721442 Inicia recuperaci贸n de datos BD Califica
2024-07-22 18:40:46 - SELECT * FROM APPDCGRL.VW_DICCIONARIOS DICC WHERE 1=1 AND DICC.INCO_ID IN (118)
2024-07-22 18:40:46 - Cantidad de registros del Merge :279896
2024-07-22 18:40:46 - 1721695246.2557504 Concluye recuperaci贸n de datos BD Califica
